[2024-06-20 09:39:59.638] [micropagosmessagegateway] [client] [error] [] Error when we do the petition to micropagos database: Get "http://localhost:2122/masks/112a2da440bc": dial tcp [::1]:2122: connectex: No connection could be made because the target machine actively refused it.
[2024-06-20 09:39:59.681] [micropagosmessagegateway] [client] [error] [] error when we try to  callToMicropagosGetMask()
[2024-06-20 09:39:59.681] [micropagosmessagegateway] [main] [error] [] error getting mask: Get "http://localhost:2122/masks/112a2da440bc": dial tcp [::1]:2122: connectex: No connection could be made because the target machine actively refused it.
[2024-06-20 09:39:59.682] [micropagosmessagegateway] [main] [warn] [] mask is empty after error, retrying...
[2024-06-20 09:41:00.002] [micropagosmessagegateway] [main] [trace] [] mask was updated
[2024-06-20 09:41:00.252] [micropagosmessagegateway] [main] [trace] [] users backup was updated
[2024-06-20 09:41:11.937] [micropagosmessagegateway] [middleware] [info] [75deea4cc714] New petition received
[2024-06-20 09:41:11.937] [micropagosmessagegateway] [middleware] [trace] [75deea4cc714] url: /ws/SendMessageService, method: POST
[2024-06-20 09:41:11.938] [micropagosmessagegateway] [middleware] [trace] [75deea4cc714] starting to validate the ahutentication
[2024-06-20 09:41:11.938] [micropagosmessagegateway] [handler] [info] [75deea4cc714] starting to get the userdata for the user eaguerre
[2024-06-20 09:41:11.938] [micropagosmessagegateway] [middleware] [trace] [75deea4cc714] formatted password: xTArnkceZoAkU0wCJu1v0adMhhk=
[2024-06-20 09:41:11.938] [micropagosmessagegateway] [middleware] [info] [75deea4cc714] the user:eaguerre is already authenticated
[2024-06-20 09:41:11.939] [micropagosmessagegateway] [handler] [debug] [75deea4cc714] starting to legacysendMessage method to the user eaguerre
[2024-06-20 09:41:11.940] [micropagosmessagegateway] [handler] [debug] [75deea4cc714] starting to get the xml
[2024-06-20 09:41:11.941] [micropagosmessagegateway] [handler] [error] [75deea4cc714] any of the movils passed the regex expression: any mobile match with the regex expression
[2024-06-20 09:41:11.939] [micropagosmessagegateway] [client] [trace] [75deea4cc714] starting to prepare the URL and the body of the petition
[2024-06-20 09:41:11.942] [micropagosmessagegateway] [middleware] [info] [75deea4cc714] Request took 4.2758ms
[2024-06-20 09:41:12.248] [micropagosmessagegateway] [middleware] [info] [75deea4cc714] the last login of the user: eaguerre was updated the new value is: 2024-06-20 09:41:11
[2024-06-20 09:41:59.999] [micropagosmessagegateway] [main] [trace] [] mask was updated
[2024-06-20 09:42:00.582] [micropagosmessagegateway] [main] [trace] [] users backup was updated
[2024-06-20 09:42:14.848] [micropagosmessagegateway] [middleware] [info] [b8cfaf070fc0] New petition received
[2024-06-20 09:42:14.849] [micropagosmessagegateway] [middleware] [trace] [b8cfaf070fc0] url: /ws/SendMessageService, method: POST
[2024-06-20 09:42:14.850] [micropagosmessagegateway] [middleware] [trace] [b8cfaf070fc0] starting to validate the ahutentication
[2024-06-20 09:42:14.850] [micropagosmessagegateway] [handler] [info] [b8cfaf070fc0] starting to get the userdata for the user eaguerre
[2024-06-20 09:42:14.850] [micropagosmessagegateway] [middleware] [trace] [b8cfaf070fc0] formatted password: xTArnkceZoAkU0wCJu1v0adMhhk=
[2024-06-20 09:42:14.850] [micropagosmessagegateway] [middleware] [info] [b8cfaf070fc0] the user:eaguerre is already authenticated
[2024-06-20 09:42:14.851] [micropagosmessagegateway] [handler] [debug] [b8cfaf070fc0] starting to legacysendMessage method to the user eaguerre
[2024-06-20 09:42:14.851] [micropagosmessagegateway] [handler] [debug] [b8cfaf070fc0] starting to get the xml
[2024-06-20 09:42:14.851] [micropagosmessagegateway] [client] [trace] [b8cfaf070fc0] starting to prepare the URL and the body of the petition
[2024-06-20 09:42:14.851] [micropagosmessagegateway] [handler] [info] [b8cfaf070fc0] method: send indivuald message, starting to validate the petition 
[2024-06-20 09:42:14.852] [micropagosmessagegateway] [handler] [debug] [b8cfaf070fc0] [8399707f1d65] this is the data that we are going to validate : Mobile: 0943266, Message: ALERTA VISA BBVANEW_LINE Tarjeta: 1461NEW_LINEImporte: PES 876.03NEW_LINEComercio: SUPERMERCADO ESPIGA DONEW_LINETipo: COMPRANEW_LINERECHAZADA, 
[2024-06-20 09:42:14.855] [micropagosmessagegateway] [validation] [info] [b8cfaf070fc0] [8399707f1d65], starting to validate a regex expression
[2024-06-20 09:42:14.855] [micropagosmessagegateway] [validation] [trace] [b8cfaf070fc0] [8399707f1d65], regex expression: ^09\d{7}$ value to validate 0943266
[2024-06-20 09:42:14.855] [micropagosmessagegateway] [validation] [error] [b8cfaf070fc0] [8399707f1d65], value did not match in the regex expression
[2024-06-20 09:42:14.857] [micropagosmessagegateway] [handler] [error] [b8cfaf070fc0] [8399707f1d65], error in the function validateMobileRegex()
[2024-06-20 09:42:14.857] [micropagosmessagegateway] [handler] [trace] [b8cfaf070fc0] [8399707f1d65], this is the data of the validation result {PassedValidation:false ValidationMessage:value did not match in the regex expression regex.MatchString(): %!w(<nil>) UserDomainResult:{UserDomainResult: UserDomainMessage: UserDomainError:<nil>} PortabilidadResult:{PassedPortabilidad:false PortabilidadMessage:} FilterResult:{IsFilter:false FilterMessage: Error:<nil>} WhenSendResult:{SendNow:false SendMessage:} SmsgatewayResult:{PassedSmsgateway:false SmsgatewayResult: SmsgatewayDescription:}}
[2024-06-20 09:42:14.858] [micropagosmessagegateway] [handler] [debug] [b8cfaf070fc0] [8399707f1d65], error when we try to procees the message time to insert the message into the database with err: value did not match in the regex expression regex.MatchString(): %!w(<nil>)
[2024-06-20 09:42:14.859] [micropagosmessagegateway] [client] [info] [b8cfaf070fc0] [8399707f1d65], startin to prepare the call to databasegateway to INSERT message
[2024-06-20 09:42:14.859] [micropagosmessagegateway] [client] [trace] [b8cfaf070fc0] [8399707f1d65], starting to prepare the URL and the body of the petition
[2024-06-20 09:42:14.860] [micropagosmessagegateway] [client] [trace] [b8cfaf070fc0] [8399707f1d65], petition http created
[2024-06-20 09:42:14.860] [micropagosmessagegateway] [client] [info] [b8cfaf070fc0] [8399707f1d65], Final url : http://localhost:2122/insertMessage/8399707f1d65
[2024-06-20 09:42:14.860] [micropagosmessagegateway] [client] [info] [b8cfaf070fc0] [8399707f1d65], Final BODY: {"type":"OutboundSMS","content":"","mobile_number":"0943266","mobile_country_iso_code":"UY","short_number":"","telco":"","created":"2024-06-20T09:42:14.8525767-05:00","session_action":"NONE","processed":"2024-06-20T09:42:14.8597156-05:00","session_application_name":"micropagos 2.0","sendafter":"","sendbefore":"","sent":"0001-01-01T00:00:00Z","status":"ERROR","origin_name":""}
[2024-06-20 09:42:15.138] [micropagosmessagegateway] [middleware] [info] [b8cfaf070fc0] the last login of the user: eaguerre was updated the new value is: 2024-06-20 09:42:14
[2024-06-20 09:42:15.373] [micropagosmessagegateway] [client] [info] [b8cfaf070fc0] [8399707f1d65], Request to database tooks 511.3761ms
[2024-06-20 09:42:15.373] [micropagosmessagegateway] [client] [info] [b8cfaf070fc0] [8399707f1d65], HTTP Status Response: 200
[2024-06-20 09:42:15.374] [micropagosmessagegateway] [client] [info] [b8cfaf070fc0] [8399707f1d65], RESPONSE BODY: {"result":0,"message":"el mensaje se inserto correctamente con el id19806574","Id":19806574}
[2024-06-20 09:42:15.374] [micropagosmessagegateway] [client] [info] [b8cfaf070fc0] [8399707f1d65], this is the id of the message in the database: 19806574
[2024-06-20 09:42:15.374] [micropagosmessagegateway] [handler] [trace] [b8cfaf070fc0] [8399707f1d65], transaction with id 19806574 inserted correctly!
[2024-06-20 09:42:15.374] [micropagosmessagegateway] [handler] [trace] [b8cfaf070fc0] [8399707f1d65] Ended
[2024-06-20 09:42:15.375] [micropagosmessagegateway] [middleware] [info] [b8cfaf070fc0] Request took 525.2467ms
[2024-06-20 09:42:31.343] [micropagosmessagegateway] [middleware] [info] [3a15c5a58f46] New petition received
[2024-06-20 09:42:31.343] [micropagosmessagegateway] [middleware] [trace] [3a15c5a58f46] url: /ws/SendMessageService, method: POST
[2024-06-20 09:42:31.344] [micropagosmessagegateway] [middleware] [trace] [3a15c5a58f46] starting to validate the ahutentication
[2024-06-20 09:42:31.344] [micropagosmessagegateway] [handler] [info] [3a15c5a58f46] starting to get the userdata for the user eaguerre
[2024-06-20 09:42:31.344] [micropagosmessagegateway] [middleware] [trace] [3a15c5a58f46] formatted password: xTArnkceZoAkU0wCJu1v0adMhhk=
[2024-06-20 09:42:31.345] [micropagosmessagegateway] [middleware] [info] [3a15c5a58f46] the user:eaguerre is already authenticated
[2024-06-20 09:42:31.345] [micropagosmessagegateway] [handler] [debug] [3a15c5a58f46] starting to legacysendMessage method to the user eaguerre
[2024-06-20 09:42:31.345] [micropagosmessagegateway] [handler] [debug] [3a15c5a58f46] starting to get the xml
[2024-06-20 09:42:31.345] [micropagosmessagegateway] [client] [trace] [3a15c5a58f46] starting to prepare the URL and the body of the petition
[2024-06-20 09:42:31.346] [micropagosmessagegateway] [handler] [info] [3a15c5a58f46] method: send indivuald message, starting to validate the petition 
[2024-06-20 09:42:31.346] [micropagosmessagegateway] [handler] [debug] [3a15c5a58f46] [40efd92f53b8] this is the data that we are going to validate : Mobile: 094326996, Message: ALERTA VISA BBVANEW_LINE Tarjeta: 1461NEW_LINEImporte: PES 876.03NEW_LINEComercio: SUPERMERCADO ESPIGA DONEW_LINETipo: COMPRANEW_LINERECHAZADA, 
[2024-06-20 09:42:31.347] [micropagosmessagegateway] [validation] [info] [3a15c5a58f46] [40efd92f53b8], starting to validate a regex expression
[2024-06-20 09:42:31.347] [micropagosmessagegateway] [validation] [trace] [3a15c5a58f46] [40efd92f53b8], regex expression: ^09\d{7}$ value to validate 094326996
[2024-06-20 09:42:31.348] [micropagosmessagegateway] [validation] [trace] [3a15c5a58f46] [40efd92f53b8], value match with the regex expression
[2024-06-20 09:42:31.348] [micropagosmessagegateway] [validation] [debug] [3a15c5a58f46] starting to format number
[2024-06-20 09:42:31.348] [micropagosmessagegateway] [handler] [debug] [3a15c5a58f46] [40efd92f53b8], the mobile number pass the regex expression and the formatted number is 59894326996
[2024-06-20 09:42:31.349] [micropagosmessagegateway] [validation] [info] [3a15c5a58f46] [40efd92f53b8], starting to validate the message length
[2024-06-20 09:42:31.349] [micropagosmessagegateway] [validation] [trace] [3a15c5a58f46] [40efd92f53b8], max length: 500 message to validate ALERTA VISA BBVANEW_LINE Tarjeta: 1461NEW_LINEImporte: PES 876.03NEW_LINEComercio: SUPERMERCADO ESPIGA DONEW_LINETipo: COMPRANEW_LINERECHAZADA
[2024-06-20 09:42:31.351] [micropagosmessagegateway] [validation] [trace] [3a15c5a58f46] [40efd92f53b8], using normal message
[2024-06-20 09:42:31.351] [micropagosmessagegateway] [handler] [debug] [3a15c5a58f46] [40efd92f53b8], the message pass the validateMessageLength this is the final message: ALERTA VISA BBVA\nTarjeta: 1461\nImporte: PES 876.03\nComercio: SUPERMERCADO ESPIGA DO\nTipo: COMPRA\nRECHAZADA
[2024-06-20 09:42:31.353] [micropagosmessagegateway] [handler] [info] [3a15c5a58f46] [40efd92f53b8], checking short number
[2024-06-20 09:42:31.353] [micropagosmessagegateway] [handler] [trace] [3a15c5a58f46] [40efd92f53b8], using short number of the config
[2024-06-20 09:42:31.354] [micropagosmessagegateway] [handler] [info] [3a15c5a58f46] [40efd92f53b8] this is the originNumber 88277
[2024-06-20 09:42:31.354] [micropagosmessagegateway] [client] [info] [3a15c5a58f46] [40efd92f53b8], startin to prepare the call to portability whit number 59894326996
[2024-06-20 09:42:31.355] [micropagosmessagegateway] [client] [trace] [3a15c5a58f46] [40efd92f53b8], petition http created
[2024-06-20 09:42:31.356] [micropagosmessagegateway] [client] [info] [3a15c5a58f46] [40efd92f53b8], Final url : http://192.168.27.41:7000/portabilidad.portabilidadHttpSoap11Endpoint/
[2024-06-20 09:42:31.356] [micropagosmessagegateway] [client] [info] [3a15c5a58f46] [40efd92f53b8], Final BODY: <Envelope xmlns:soapenv="http://schemas.xmlsoap.org/soap/envelope/" xmlns:web="http://webservices.push.inswitch.us">\n	<soapenv:Header></soapenv:Header>\n	<soapenv:Body>\n		<web:getTelco>\n			<web:msisdn>59894326996</web:msisdn>\n		</web:getTelco>\n	</soapenv:Body>\n</Envelope>
[2024-06-20 09:42:31.650] [micropagosmessagegateway] [middleware] [info] [3a15c5a58f46] the last login of the user: eaguerre was updated the new value is: 2024-06-20 09:42:31
[2024-06-20 09:42:32.017] [micropagosmessagegateway] [client] [info] [3a15c5a58f46] [40efd92f53b8], Request to PORTABILIDAD took 660.8458ms
[2024-06-20 09:42:32.018] [micropagosmessagegateway] [client] [info] [3a15c5a58f46] [40efd92f53b8], HTTP Status Response: 200
[2024-06-20 09:42:32.018] [micropagosmessagegateway] [client] [info] [3a15c5a58f46] [40efd92f53b8], RESPONSE BODY: <soapenv:Envelope xmlns:soapenv="http://schemas.xmlsoap.org/soap/envelope/" xmlns:web="http://webservices.push.inswitch.us" xmlns:xsd="http://user.dto.webservices.push.inswitch.us/xsd"><soapenv:Header/><soapenv:Body><web:getTelcoResponse><web:return><xsd:telcoCode>3</xsd:telcoCode><xsd:telcoName>MOVISTAR</xsd:telcoName></web:return></web:getTelcoResponse></soapenv:Body></soapenv:Envelope>
[2024-06-20 09:42:32.020] [micropagosmessagegateway] [handler] [info] [3a15c5a58f46] [40efd92f53b8], TELCONAME: MOVISTAR
[2024-06-20 09:42:32.020] [micropagosmessagegateway] [handler] [trace] [3a15c5a58f46] [40efd92f53b8], starting to validate if the the origin number and destiny are filters
[2024-06-20 09:42:32.021] [micropagosmessagegateway] [client] [info] [3a15c5a58f46] [40efd92f53b8], startin to prepare the call to databasegateway checking FILTER
[2024-06-20 09:42:32.021] [micropagosmessagegateway] [client] [trace] [3a15c5a58f46] [40efd92f53b8], starting to prepare the URL to the petition
[2024-06-20 09:42:32.021] [micropagosmessagegateway] [client] [trace] [3a15c5a58f46] [40efd92f53b8], petition http created
[2024-06-20 09:42:32.021] [micropagosmessagegateway] [client] [info] [3a15c5a58f46] [40efd92f53b8], Final url : http://localhost:2122/filter/94326996/88277/40efd92f53b8
[2024-06-20 09:42:32.628] [micropagosmessagegateway] [client] [info] [3a15c5a58f46] [40efd92f53b8], Request to database tooks 606.3985ms
[2024-06-20 09:42:32.628] [micropagosmessagegateway] [client] [info] [3a15c5a58f46] [40efd92f53b8], HTTP Status Response: 200
[2024-06-20 09:42:32.628] [micropagosmessagegateway] [client] [info] [3a15c5a58f46] [40efd92f53b8], RESPONSE BODY: {"result":false,"message":""}
[2024-06-20 09:42:32.629] [micropagosmessagegateway] [client] [debug] [3a15c5a58f46] the filter message response was: shortnumber and destinity are filter? : false
[2024-06-20 09:42:32.629] [micropagosmessagegateway] [handler] [trace] [3a15c5a58f46] [40efd92f53b8], starting to check send after and send before data
[2024-06-20 09:42:32.629] [micropagosmessagegateway] [validation] [debug] [3a15c5a58f46] [40efd92f53b8], checking send after and send before 
[2024-06-20 09:42:32.629] [micropagosmessagegateway] [validation] [trace] [3a15c5a58f46] [40efd92f53b8] senfafter or sendbefore are empity or didnt match with the expected fomat HH:mm
[2024-06-20 09:42:32.630] [micropagosmessagegateway] [validation] [debug] [3a15c5a58f46] [40efd92f53b8]: sendBefore:  sendAfter: 
[2024-06-20 09:42:32.630] [micropagosmessagegateway] [client] [info] [3a15c5a58f46] [40efd92f53b8], startin to prepare the call to telcoGateway
[2024-06-20 09:42:32.631] [micropagosmessagegateway] [client] [trace] [3a15c5a58f46] [40efd92f53b8], starting to prepare the body of the petition
[2024-06-20 09:42:32.631] [micropagosmessagegateway] [client] [trace] [3a15c5a58f46] [40efd92f53b8], petition http created
[2024-06-20 09:42:32.631] [micropagosmessagegateway] [client] [info] [3a15c5a58f46] [40efd92f53b8], Final url : http://localhost:3111
[2024-06-20 09:42:32.631] [micropagosmessagegateway] [client] [info] [3a15c5a58f46] [40efd92f53b8], Final BODY: {"utfi":"40efd92f53b8","serviceType":"","origin.number":"88277","destination.number":"59894326996","validity_period":"","schedule_delivery_time":"","protocol_id":0,"esmeClass":0,"priority_flag":3,"registered_delivery":0,"replace_if_present_flag":0,"data":"414C45525441205649534120424256410A5461726A6574613A20313436310A496D706F7274653A20504553203837362E30330A436F6D657263696F3A2053555045524D45524341444F2045535049474120444F0A5469706F3A20434F4D5052410A52454348415A414441","data_header_indicator":0,"data_coding_scheme":0,"data_length":106,"messagetype":4,"TLV_tag":515,"TLV_length":8,"TLV_value":"MOVISTAR"}
[2024-06-20 09:42:32.637] [micropagosmessagegateway] [client] [error] [3a15c5a58f46] [40efd92f53b8], Error when we do the petition to smsgateway: Post "http://localhost:3111": dial tcp [::1]:3111: connectex: No connection could be made because the target machine actively refused it.
[2024-06-20 09:42:32.639] [micropagosmessagegateway] [client] [error] [3a15c5a58f46] [40efd92f53b8], error when we try to call to calltoTelcoGatewayRequest()
[2024-06-20 09:42:32.639] [micropagosmessagegateway] [handler] [error] [3a15c5a58f46] [40efd92f53b8], error in CallTelcoGateway()
[2024-06-20 09:42:32.639] [micropagosmessagegateway] [handler] [trace] [3a15c5a58f46] [40efd92f53b8], this is the data of the validation result {PassedValidation:true ValidationMessage: UserDomainResult:{UserDomainResult:ok UserDomainMessage:using short number of the config UserDomainError:<nil>} PortabilidadResult:{PassedPortabilidad:true PortabilidadMessage:OK} FilterResult:{IsFilter:false FilterMessage: Error:<nil>} WhenSendResult:{SendNow:true SendMessage:message is going to send now} SmsgatewayResult:{PassedSmsgateway:false SmsgatewayResult:Post "http://localhost:3111": dial tcp [::1]:3111: connectex: No connection could be made because the target machine actively refused it. SmsgatewayDescription:error when we try to calltoTelcoGatewayRequest()}}
[2024-06-20 09:42:32.640] [micropagosmessagegateway] [handler] [debug] [3a15c5a58f46] [40efd92f53b8], error when we try to procees the message time to insert the message into the database with err: error sending SMSgateway
[2024-06-20 09:42:32.640] [micropagosmessagegateway] [client] [info] [3a15c5a58f46] [40efd92f53b8], startin to prepare the call to databasegateway to INSERT message
[2024-06-20 09:42:32.641] [micropagosmessagegateway] [client] [trace] [3a15c5a58f46] [40efd92f53b8], starting to prepare the URL and the body of the petition
[2024-06-20 09:42:32.641] [micropagosmessagegateway] [client] [trace] [3a15c5a58f46] [40efd92f53b8], petition http created
[2024-06-20 09:42:32.642] [micropagosmessagegateway] [client] [info] [3a15c5a58f46] [40efd92f53b8], Final url : http://localhost:2122/insertMessage/40efd92f53b8
[2024-06-20 09:42:32.643] [micropagosmessagegateway] [client] [info] [3a15c5a58f46] [40efd92f53b8], Final BODY: {"type":"OutboundSMS","content":"ALERTA VISA BBVANEW_LINE Tarjeta: 1461NEW_LINEImporte: PES 876.03NEW_LINEComercio: SUPERMERCADO ESPIGA DONEW_LINETipo: COMPRANEW_LINERECHAZADA","mobile_number":"59894326996","mobile_country_iso_code":"UY","short_number":"88277","telco":"MOVISTAR","created":"2024-06-20T09:42:31.3464675-05:00","session_action":"NONE","processed":"2024-06-20T09:42:32.6414286-05:00","session_application_name":"micropagos 2.0","sendafter":"","sendbefore":"","sent":"0001-01-01T00:00:00Z","status":"ERROR_INVOKING_SENDER","origin_name":""}
[2024-06-20 09:42:33.158] [micropagosmessagegateway] [client] [info] [3a15c5a58f46] [40efd92f53b8], Request to database tooks 514.6567ms
[2024-06-20 09:42:33.159] [micropagosmessagegateway] [client] [info] [3a15c5a58f46] [40efd92f53b8], HTTP Status Response: 200
[2024-06-20 09:42:33.159] [micropagosmessagegateway] [client] [info] [3a15c5a58f46] [40efd92f53b8], RESPONSE BODY: {"result":0,"message":"el mensaje se inserto correctamente con el id19806575","Id":19806575}
[2024-06-20 09:42:33.159] [micropagosmessagegateway] [client] [info] [3a15c5a58f46] [40efd92f53b8], this is the id of the message in the database: 19806575
[2024-06-20 09:42:33.159] [micropagosmessagegateway] [handler] [trace] [3a15c5a58f46] [40efd92f53b8], transaction with id 19806575 inserted correctly!
[2024-06-20 09:42:33.160] [micropagosmessagegateway] [handler] [trace] [3a15c5a58f46] [40efd92f53b8] Ended
[2024-06-20 09:42:33.160] [micropagosmessagegateway] [middleware] [info] [3a15c5a58f46] Request took 1.8158714s
[2024-06-20 09:43:52.433] [micropagosmessagegateway] [middleware] [info] [c9917f4b5382] New petition received
[2024-06-20 09:43:52.433] [micropagosmessagegateway] [middleware] [trace] [c9917f4b5382] url: /ws/SendMessageService, method: POST
[2024-06-20 09:43:52.433] [micropagosmessagegateway] [middleware] [trace] [c9917f4b5382] starting to validate the ahutentication
[2024-06-20 09:43:52.434] [micropagosmessagegateway] [handler] [info] [c9917f4b5382] starting to get the userdata for the user eaguerre
[2024-06-20 09:43:52.434] [micropagosmessagegateway] [middleware] [trace] [c9917f4b5382] formatted password: xTArnkceZoAkU0wCJu1v0adMhhk=
[2024-06-20 09:43:52.434] [micropagosmessagegateway] [middleware] [info] [c9917f4b5382] the user:eaguerre is already authenticated
[2024-06-20 09:43:52.434] [micropagosmessagegateway] [handler] [debug] [c9917f4b5382] starting to legacysendMessage method to the user eaguerre
[2024-06-20 09:43:52.435] [micropagosmessagegateway] [handler] [debug] [c9917f4b5382] starting to get the xml
[2024-06-20 09:43:52.434] [micropagosmessagegateway] [client] [trace] [c9917f4b5382] starting to prepare the URL and the body of the petition
[2024-06-20 09:43:52.436] [micropagosmessagegateway] [handler] [trace] [c9917f4b5382] mobile 094326996 match in the regex expression
[2024-06-20 09:43:52.436] [micropagosmessagegateway] [handler] [info] [c9917f4b5382] starting to send massive message
[2024-06-20 09:43:52.436] [micropagosmessagegateway] [handler] [info] [c9917f4b5382] this is the individual identifiar of this petition 24704181d2a0
[2024-06-20 09:43:52.437] [micropagosmessagegateway] [handler] [trace] [c9917f4b5382] this is the number of procced message 1
[2024-06-20 09:43:52.437] [micropagosmessagegateway] [handler] [debug] [c9917f4b5382] [24704181d2a0], starting to validate the petition 
[2024-06-20 09:43:52.437] [micropagosmessagegateway] [handler] [debug] [c9917f4b5382] [24704181d2a0] this is the data that we are going to validate : Mobile: 094326996, Message: testing, SendAfter: 06:00, SendBefore: 06:30, 
[2024-06-20 09:43:52.438] [micropagosmessagegateway] [validation] [info] [c9917f4b5382] [24704181d2a0], starting to validate a regex expression
[2024-06-20 09:43:52.442] [micropagosmessagegateway] [validation] [trace] [c9917f4b5382] [24704181d2a0], regex expression: ^09\d{7}$ value to validate 094326996
[2024-06-20 09:43:52.444] [micropagosmessagegateway] [validation] [trace] [c9917f4b5382] [24704181d2a0], value match with the regex expression
[2024-06-20 09:43:52.444] [micropagosmessagegateway] [validation] [debug] [c9917f4b5382] starting to format number
[2024-06-20 09:43:52.444] [micropagosmessagegateway] [handler] [debug] [c9917f4b5382] [24704181d2a0], the mobile number pass the regex expression and the formatted number is 59894326996
[2024-06-20 09:43:52.444] [micropagosmessagegateway] [validation] [info] [c9917f4b5382] [24704181d2a0], starting to validate the message length
[2024-06-20 09:43:52.445] [micropagosmessagegateway] [validation] [trace] [c9917f4b5382] [24704181d2a0], max length: 500 message to validate testing
[2024-06-20 09:43:52.445] [micropagosmessagegateway] [validation] [trace] [c9917f4b5382] [24704181d2a0], using normal message
[2024-06-20 09:43:52.445] [micropagosmessagegateway] [handler] [debug] [c9917f4b5382] [24704181d2a0], the message pass the validateMessageLength this is the final message: testing
[2024-06-20 09:43:52.446] [micropagosmessagegateway] [handler] [info] [c9917f4b5382] [24704181d2a0], checking short number
[2024-06-20 09:43:52.446] [micropagosmessagegateway] [handler] [trace] [c9917f4b5382] [24704181d2a0], using short number of the config
[2024-06-20 09:43:52.446] [micropagosmessagegateway] [handler] [info] [c9917f4b5382] [24704181d2a0] this is the originNumber 88277
[2024-06-20 09:43:52.446] [micropagosmessagegateway] [client] [info] [c9917f4b5382] [24704181d2a0], startin to prepare the call to portability whit number 59894326996
[2024-06-20 09:43:52.447] [micropagosmessagegateway] [client] [trace] [c9917f4b5382] [24704181d2a0], petition http created
[2024-06-20 09:43:52.448] [micropagosmessagegateway] [client] [info] [c9917f4b5382] [24704181d2a0], Final url : http://192.168.27.41:7000/portabilidad.portabilidadHttpSoap11Endpoint/
[2024-06-20 09:43:52.448] [micropagosmessagegateway] [client] [info] [c9917f4b5382] [24704181d2a0], Final BODY: <Envelope xmlns:soapenv="http://schemas.xmlsoap.org/soap/envelope/" xmlns:web="http://webservices.push.inswitch.us">\n	<soapenv:Header></soapenv:Header>\n	<soapenv:Body>\n		<web:getTelco>\n			<web:msisdn>59894326996</web:msisdn>\n		</web:getTelco>\n	</soapenv:Body>\n</Envelope>
[2024-06-20 09:43:52.726] [micropagosmessagegateway] [middleware] [info] [c9917f4b5382] the last login of the user: eaguerre was updated the new value is: 2024-06-20 09:43:52
[2024-06-20 09:43:52.974] [micropagosmessagegateway] [client] [info] [c9917f4b5382] [24704181d2a0], Request to PORTABILIDAD took 525.6332ms
[2024-06-20 09:43:52.974] [micropagosmessagegateway] [client] [info] [c9917f4b5382] [24704181d2a0], HTTP Status Response: 200
[2024-06-20 09:43:52.975] [micropagosmessagegateway] [client] [info] [c9917f4b5382] [24704181d2a0], RESPONSE BODY: <soapenv:Envelope xmlns:soapenv="http://schemas.xmlsoap.org/soap/envelope/" xmlns:web="http://webservices.push.inswitch.us" xmlns:xsd="http://user.dto.webservices.push.inswitch.us/xsd"><soapenv:Header/><soapenv:Body><web:getTelcoResponse><web:return><xsd:telcoCode>3</xsd:telcoCode><xsd:telcoName>MOVISTAR</xsd:telcoName></web:return></web:getTelcoResponse></soapenv:Body></soapenv:Envelope>
[2024-06-20 09:43:52.976] [micropagosmessagegateway] [handler] [info] [c9917f4b5382] [24704181d2a0], TELCONAME: MOVISTAR
[2024-06-20 09:43:52.976] [micropagosmessagegateway] [handler] [trace] [c9917f4b5382] [24704181d2a0], starting to validate if the the origin number and destiny are filters
[2024-06-20 09:43:52.976] [micropagosmessagegateway] [client] [info] [c9917f4b5382] [24704181d2a0], startin to prepare the call to databasegateway checking FILTER
[2024-06-20 09:43:52.976] [micropagosmessagegateway] [client] [trace] [c9917f4b5382] [24704181d2a0], starting to prepare the URL to the petition
[2024-06-20 09:43:52.977] [micropagosmessagegateway] [client] [trace] [c9917f4b5382] [24704181d2a0], petition http created
[2024-06-20 09:43:52.977] [micropagosmessagegateway] [client] [info] [c9917f4b5382] [24704181d2a0], Final url : http://localhost:2122/filter/94326996/88277/24704181d2a0
[2024-06-20 09:43:53.404] [micropagosmessagegateway] [client] [info] [c9917f4b5382] [24704181d2a0], Request to database tooks 426.7075ms
[2024-06-20 09:43:53.404] [micropagosmessagegateway] [client] [info] [c9917f4b5382] [24704181d2a0], HTTP Status Response: 200
[2024-06-20 09:43:53.405] [micropagosmessagegateway] [client] [info] [c9917f4b5382] [24704181d2a0], RESPONSE BODY: {"result":false,"message":""}
[2024-06-20 09:43:53.405] [micropagosmessagegateway] [client] [debug] [c9917f4b5382] the filter message response was: shortnumber and destinity are filter? : false
[2024-06-20 09:43:53.406] [micropagosmessagegateway] [handler] [trace] [c9917f4b5382] [24704181d2a0], starting to check send after and send before data
[2024-06-20 09:43:53.406] [micropagosmessagegateway] [validation] [debug] [c9917f4b5382] [24704181d2a0], checking send after and send before 
[2024-06-20 09:43:53.406] [micropagosmessagegateway] [validation] [debug] [c9917f4b5382] [24704181d2a0]: sendBefore: 06:30:00 sendAfter: 06:00:00
[2024-06-20 09:43:53.406] [micropagosmessagegateway] [handler] [trace] [c9917f4b5382] [24704181d2a0], this is the data of the validation result {PassedValidation:true ValidationMessage: UserDomainResult:{UserDomainResult:ok UserDomainMessage:using short number of the config UserDomainError:<nil>} PortabilidadResult:{PassedPortabilidad:true PortabilidadMessage:OK} FilterResult:{IsFilter:false FilterMessage: Error:<nil>} WhenSendResult:{SendNow:false SendMessage:message is going to send in the future} SmsgatewayResult:{PassedSmsgateway:true SmsgatewayResult:0 SmsgatewayDescription:passed}}
[2024-06-20 09:43:53.407] [micropagosmessagegateway] [handler] [trace] [c9917f4b5382] [24704181d2a0], No error time to insert the message into the database 
[2024-06-20 09:43:53.408] [micropagosmessagegateway] [client] [info] [c9917f4b5382] [24704181d2a0], startin to prepare the call to databasegateway to INSERT message
[2024-06-20 09:43:53.408] [micropagosmessagegateway] [client] [trace] [c9917f4b5382] [24704181d2a0], starting to prepare the URL and the body of the petition
[2024-06-20 09:43:53.408] [micropagosmessagegateway] [client] [trace] [c9917f4b5382] [24704181d2a0], petition http created
[2024-06-20 09:43:53.408] [micropagosmessagegateway] [client] [info] [c9917f4b5382] [24704181d2a0], Final url : http://localhost:2122/insertMessage/24704181d2a0
[2024-06-20 09:43:53.409] [micropagosmessagegateway] [client] [info] [c9917f4b5382] [24704181d2a0], Final BODY: {"type":"OutboundSMS","content":"testing","mobile_number":"59894326996","mobile_country_iso_code":"UY","short_number":"88277","telco":"MOVISTAR","created":"2024-06-20T09:43:52.4371679-05:00","session_action":"NONE","processed":"2024-06-20T09:43:53.4083856-05:00","session_application_name":"micropagos 2.0","sendafter":"06:00:00","sendbefore":"06:30:00","sent":"0001-01-01T00:00:00Z","status":"PENDING","origin_name":""}
[2024-06-20 09:43:53.847] [micropagosmessagegateway] [client] [info] [c9917f4b5382] [24704181d2a0], Request to database tooks 437.8012ms
[2024-06-20 09:43:53.848] [micropagosmessagegateway] [client] [info] [c9917f4b5382] [24704181d2a0], HTTP Status Response: 200
[2024-06-20 09:43:53.848] [micropagosmessagegateway] [client] [info] [c9917f4b5382] [24704181d2a0], RESPONSE BODY: {"result":0,"message":"el mensaje se inserto correctamente con el id19806576","Id":19806576}
[2024-06-20 09:43:53.849] [micropagosmessagegateway] [client] [info] [c9917f4b5382] [24704181d2a0], this is the id of the message in the database: 19806576
[2024-06-20 09:43:53.849] [micropagosmessagegateway] [handler] [trace] [c9917f4b5382] [24704181d2a0], transaction with id 19806576 inserted correctly!
[2024-06-20 09:43:53.849] [micropagosmessagegateway] [handler] [trace] [c9917f4b5382] [24704181d2a0] Ended
[2024-06-20 09:43:53.850] [micropagosmessagegateway] [middleware] [info] [c9917f4b5382] Request took 1.4164268s
[2024-06-20 09:43:59.768] [micropagosmessagegateway] [main] [trace] [] mask was updated
[2024-06-20 09:44:00.074] [micropagosmessagegateway] [main] [trace] [] users backup was updated
[2024-06-20 09:45:59.774] [micropagosmessagegateway] [main] [trace] [] mask was updated
[2024-06-20 09:46:00.035] [micropagosmessagegateway] [main] [trace] [] users backup was updated
[2024-06-20 09:46:36.614] [micropagosmessagegateway] [middleware] [info] [25592d504627] New petition received
[2024-06-20 09:46:36.615] [micropagosmessagegateway] [middleware] [trace] [25592d504627] url: /ws/SendMessageService, method: POST
[2024-06-20 09:46:36.615] [micropagosmessagegateway] [middleware] [trace] [25592d504627] starting to validate the ahutentication
[2024-06-20 09:46:36.616] [micropagosmessagegateway] [middleware] [error] [25592d504627] missing authorization header
[2024-06-20 09:46:36.616] [micropagosmessagegateway] [middleware] [error] [25592d504627] missing authorization header
[2024-06-20 09:46:36.616] [micropagosmessagegateway] [middleware] [info] [25592d504627] Request took 1.0875ms
[2024-06-20 09:46:47.036] [micropagosmessagegateway] [middleware] [info] [2aea0494e41a] New petition received
[2024-06-20 09:46:47.037] [micropagosmessagegateway] [middleware] [trace] [2aea0494e41a] url: /ws/SendMessageService, method: POST
[2024-06-20 09:46:47.037] [micropagosmessagegateway] [middleware] [trace] [2aea0494e41a] starting to validate the ahutentication
[2024-06-20 09:46:47.038] [micropagosmessagegateway] [handler] [info] [2aea0494e41a] starting to get the userdata for the user eaguerre
[2024-06-20 09:46:47.038] [micropagosmessagegateway] [middleware] [trace] [2aea0494e41a] formatted password: xTArnkceZoAkU0wCJu1v0adMhhk=
[2024-06-20 09:46:47.038] [micropagosmessagegateway] [middleware] [info] [2aea0494e41a] the user:eaguerre is already authenticated
[2024-06-20 09:46:47.040] [micropagosmessagegateway] [handler] [debug] [2aea0494e41a] starting to legacysendMessage method to the user eaguerre
[2024-06-20 09:46:47.041] [micropagosmessagegateway] [handler] [debug] [2aea0494e41a] starting to get the xml
[2024-06-20 09:46:47.040] [micropagosmessagegateway] [client] [trace] [2aea0494e41a] starting to prepare the URL and the body of the petition
[2024-06-20 09:46:47.043] [micropagosmessagegateway] [handler] [trace] [2aea0494e41a] mobile 094326996 match in the regex expression
[2024-06-20 09:46:47.047] [micropagosmessagegateway] [handler] [info] [2aea0494e41a] starting to send massive message
[2024-06-20 09:46:47.048] [micropagosmessagegateway] [handler] [info] [2aea0494e41a] this is the individual identifiar of this petition a503696dcf6c
[2024-06-20 09:46:47.048] [micropagosmessagegateway] [handler] [trace] [2aea0494e41a] this is the number of procced message 1
[2024-06-20 09:46:47.048] [micropagosmessagegateway] [handler] [debug] [2aea0494e41a] [a503696dcf6c], starting to validate the petition 
[2024-06-20 09:46:47.048] [micropagosmessagegateway] [handler] [debug] [2aea0494e41a] [a503696dcf6c] this is the data that we are going to validate : Mobile: 094326996, Message: testing, SendAfter: 06:00, SendBefore: 06:30, 
[2024-06-20 09:46:47.049] [micropagosmessagegateway] [validation] [info] [2aea0494e41a] [a503696dcf6c], starting to validate a regex expression
[2024-06-20 09:46:47.049] [micropagosmessagegateway] [validation] [trace] [2aea0494e41a] [a503696dcf6c], regex expression: ^09\d{7}$ value to validate 094326996
[2024-06-20 09:46:47.050] [micropagosmessagegateway] [validation] [trace] [2aea0494e41a] [a503696dcf6c], value match with the regex expression
[2024-06-20 09:46:47.050] [micropagosmessagegateway] [validation] [debug] [2aea0494e41a] starting to format number
[2024-06-20 09:46:47.050] [micropagosmessagegateway] [handler] [debug] [2aea0494e41a] [a503696dcf6c], the mobile number pass the regex expression and the formatted number is 59894326996
[2024-06-20 09:46:47.050] [micropagosmessagegateway] [validation] [info] [2aea0494e41a] [a503696dcf6c], starting to validate the message length
[2024-06-20 09:46:47.051] [micropagosmessagegateway] [validation] [trace] [2aea0494e41a] [a503696dcf6c], max length: 500 message to validate testing
[2024-06-20 09:46:47.051] [micropagosmessagegateway] [validation] [trace] [2aea0494e41a] [a503696dcf6c], using normal message
[2024-06-20 09:46:47.051] [micropagosmessagegateway] [handler] [debug] [2aea0494e41a] [a503696dcf6c], the message pass the validateMessageLength this is the final message: testing
[2024-06-20 09:46:47.052] [micropagosmessagegateway] [handler] [info] [2aea0494e41a] [a503696dcf6c], checking short number
[2024-06-20 09:46:47.052] [micropagosmessagegateway] [handler] [trace] [2aea0494e41a] [a503696dcf6c], using short number of the config
[2024-06-20 09:46:47.052] [micropagosmessagegateway] [handler] [info] [2aea0494e41a] [a503696dcf6c] this is the originNumber 88277
[2024-06-20 09:46:47.053] [micropagosmessagegateway] [client] [info] [2aea0494e41a] [a503696dcf6c], startin to prepare the call to portability whit number 59894326996
[2024-06-20 09:46:47.053] [micropagosmessagegateway] [client] [trace] [2aea0494e41a] [a503696dcf6c], petition http created
[2024-06-20 09:46:47.054] [micropagosmessagegateway] [client] [info] [2aea0494e41a] [a503696dcf6c], Final url : http://192.168.27.41:7000/portabilidad.portabilidadHttpSoap11Endpoint/
[2024-06-20 09:46:47.055] [micropagosmessagegateway] [client] [info] [2aea0494e41a] [a503696dcf6c], Final BODY: <Envelope xmlns:soapenv="http://schemas.xmlsoap.org/soap/envelope/" xmlns:web="http://webservices.push.inswitch.us">\n	<soapenv:Header></soapenv:Header>\n	<soapenv:Body>\n		<web:getTelco>\n			<web:msisdn>59894326996</web:msisdn>\n		</web:getTelco>\n	</soapenv:Body>\n</Envelope>
[2024-06-20 09:46:47.347] [micropagosmessagegateway] [middleware] [info] [2aea0494e41a] the last login of the user: eaguerre was updated the new value is: 2024-06-20 09:46:47
[2024-06-20 09:46:48.110] [micropagosmessagegateway] [client] [info] [2aea0494e41a] [a503696dcf6c], Request to PORTABILIDAD took 1.0540929s
[2024-06-20 09:46:48.110] [micropagosmessagegateway] [client] [info] [2aea0494e41a] [a503696dcf6c], HTTP Status Response: 200
[2024-06-20 09:46:48.111] [micropagosmessagegateway] [client] [info] [2aea0494e41a] [a503696dcf6c], RESPONSE BODY: <soapenv:Envelope xmlns:soapenv="http://schemas.xmlsoap.org/soap/envelope/" xmlns:web="http://webservices.push.inswitch.us" xmlns:xsd="http://user.dto.webservices.push.inswitch.us/xsd"><soapenv:Header/><soapenv:Body><web:getTelcoResponse><web:return><xsd:telcoCode>3</xsd:telcoCode><xsd:telcoName>MOVISTAR</xsd:telcoName></web:return></web:getTelcoResponse></soapenv:Body></soapenv:Envelope>
[2024-06-20 09:46:48.113] [micropagosmessagegateway] [handler] [info] [2aea0494e41a] [a503696dcf6c], TELCONAME: MOVISTAR
[2024-06-20 09:46:48.113] [micropagosmessagegateway] [handler] [trace] [2aea0494e41a] [a503696dcf6c], starting to validate if the the origin number and destiny are filters
[2024-06-20 09:46:48.113] [micropagosmessagegateway] [client] [info] [2aea0494e41a] [a503696dcf6c], startin to prepare the call to databasegateway checking FILTER
[2024-06-20 09:46:48.114] [micropagosmessagegateway] [client] [trace] [2aea0494e41a] [a503696dcf6c], starting to prepare the URL to the petition
[2024-06-20 09:46:48.116] [micropagosmessagegateway] [client] [trace] [2aea0494e41a] [a503696dcf6c], petition http created
[2024-06-20 09:46:48.116] [micropagosmessagegateway] [client] [info] [2aea0494e41a] [a503696dcf6c], Final url : http://localhost:2122/filter/94326996/88277/a503696dcf6c
[2024-06-20 09:46:48.643] [micropagosmessagegateway] [client] [info] [2aea0494e41a] [a503696dcf6c], Request to database tooks 524.9172ms
[2024-06-20 09:46:48.643] [micropagosmessagegateway] [client] [info] [2aea0494e41a] [a503696dcf6c], HTTP Status Response: 200
[2024-06-20 09:46:48.643] [micropagosmessagegateway] [client] [info] [2aea0494e41a] [a503696dcf6c], RESPONSE BODY: {"result":false,"message":""}
[2024-06-20 09:46:48.643] [micropagosmessagegateway] [client] [debug] [2aea0494e41a] the filter message response was: shortnumber and destinity are filter? : false
[2024-06-20 09:46:48.644] [micropagosmessagegateway] [handler] [trace] [2aea0494e41a] [a503696dcf6c], starting to check send after and send before data
[2024-06-20 09:46:48.644] [micropagosmessagegateway] [validation] [debug] [2aea0494e41a] [a503696dcf6c], checking send after and send before 
[2024-06-20 09:46:48.644] [micropagosmessagegateway] [validation] [debug] [2aea0494e41a] [a503696dcf6c]: sendBefore: 06:30:00 sendAfter: 06:00:00
[2024-06-20 09:46:48.644] [micropagosmessagegateway] [handler] [trace] [2aea0494e41a] [a503696dcf6c], this is the data of the validation result {PassedValidation:true ValidationMessage: UserDomainResult:{UserDomainResult:ok UserDomainMessage:using short number of the config UserDomainError:<nil>} PortabilidadResult:{PassedPortabilidad:true PortabilidadMessage:OK} FilterResult:{IsFilter:false FilterMessage: Error:<nil>} WhenSendResult:{SendNow:false SendMessage:message is going to send in the future} SmsgatewayResult:{PassedSmsgateway:true SmsgatewayResult:0 SmsgatewayDescription:passed}}
[2024-06-20 09:46:48.645] [micropagosmessagegateway] [handler] [trace] [2aea0494e41a] [a503696dcf6c], No error time to insert the message into the database 
[2024-06-20 09:46:48.645] [micropagosmessagegateway] [client] [info] [2aea0494e41a] [a503696dcf6c], startin to prepare the call to databasegateway to INSERT message
[2024-06-20 09:46:48.646] [micropagosmessagegateway] [client] [trace] [2aea0494e41a] [a503696dcf6c], starting to prepare the URL and the body of the petition
[2024-06-20 09:46:48.646] [micropagosmessagegateway] [client] [trace] [2aea0494e41a] [a503696dcf6c], petition http created
[2024-06-20 09:46:48.647] [micropagosmessagegateway] [client] [info] [2aea0494e41a] [a503696dcf6c], Final url : http://localhost:2122/insertMessage/a503696dcf6c
[2024-06-20 09:46:48.647] [micropagosmessagegateway] [client] [info] [2aea0494e41a] [a503696dcf6c], Final BODY: {"type":"OutboundSMS","content":"testing","mobile_number":"59894326996","mobile_country_iso_code":"UY","short_number":"88277","telco":"MOVISTAR","created":"2024-06-20T09:46:47.048735-05:00","session_action":"NONE","processed":"2024-06-20T09:46:48.6464323-05:00","session_application_name":"micropagos 2.0","sendafter":"06:00:00","sendbefore":"06:30:00","sent":"0001-01-01T00:00:00Z","status":"PENDING","origin_name":""}
[2024-06-20 09:46:49.238] [micropagosmessagegateway] [client] [info] [2aea0494e41a] [a503696dcf6c], Request to database tooks 590.6204ms
[2024-06-20 09:46:49.239] [micropagosmessagegateway] [client] [info] [2aea0494e41a] [a503696dcf6c], HTTP Status Response: 200
[2024-06-20 09:46:49.239] [micropagosmessagegateway] [client] [info] [2aea0494e41a] [a503696dcf6c], RESPONSE BODY: {"result":0,"message":"el mensaje se inserto correctamente con el id19806577","Id":19806577}
[2024-06-20 09:46:49.239] [micropagosmessagegateway] [client] [info] [2aea0494e41a] [a503696dcf6c], this is the id of the message in the database: 19806577
[2024-06-20 09:46:49.240] [micropagosmessagegateway] [handler] [trace] [2aea0494e41a] [a503696dcf6c], transaction with id 19806577 inserted correctly!
[2024-06-20 09:46:49.240] [micropagosmessagegateway] [handler] [trace] [2aea0494e41a] [a503696dcf6c] Ended
[2024-06-20 09:46:49.240] [micropagosmessagegateway] [middleware] [info] [2aea0494e41a] Request took 2.2033388s
[2024-06-20 09:47:59.785] [micropagosmessagegateway] [main] [trace] [] mask was updated
[2024-06-20 09:48:00.032] [micropagosmessagegateway] [main] [trace] [] users backup was updated
[2024-06-20 09:49:59.899] [micropagosmessagegateway] [main] [trace] [] mask was updated
[2024-06-20 09:50:00.173] [micropagosmessagegateway] [main] [trace] [] users backup was updated
[2024-06-20 09:51:59.765] [micropagosmessagegateway] [main] [trace] [] mask was updated
[2024-06-20 09:52:00.003] [micropagosmessagegateway] [main] [trace] [] users backup was updated
[2024-06-20 09:53:59.764] [micropagosmessagegateway] [main] [trace] [] mask was updated
[2024-06-20 09:53:59.987] [micropagosmessagegateway] [main] [trace] [] users backup was updated
[2024-06-20 09:55:59.781] [micropagosmessagegateway] [main] [trace] [] mask was updated
[2024-06-20 09:56:00.010] [micropagosmessagegateway] [main] [trace] [] users backup was updated
[2024-06-20 09:57:59.782] [micropagosmessagegateway] [main] [trace] [] mask was updated
[2024-06-20 09:58:00.133] [micropagosmessagegateway] [main] [trace] [] users backup was updated
[2024-06-20 09:59:59.804] [micropagosmessagegateway] [main] [trace] [] mask was updated
