[2024-06-20 11:00:00.086] [micropagosmessagegateway] [main] [trace] [] users backup was updated
[2024-06-20 11:01:59.795] [micropagosmessagegateway] [main] [trace] [] mask was updated
[2024-06-20 11:02:00.035] [micropagosmessagegateway] [main] [trace] [] users backup was updated
[2024-06-20 11:04:00.053] [micropagosmessagegateway] [main] [trace] [] mask was updated
[2024-06-20 11:04:00.276] [micropagosmessagegateway] [main] [trace] [] users backup was updated
[2024-06-20 11:05:59.778] [micropagosmessagegateway] [main] [trace] [] mask was updated
[2024-06-20 11:06:00.064] [micropagosmessagegateway] [main] [trace] [] users backup was updated
[2024-06-20 11:07:59.799] [micropagosmessagegateway] [main] [trace] [] mask was updated
[2024-06-20 11:08:00.020] [micropagosmessagegateway] [main] [trace] [] users backup was updated
[2024-06-20 11:09:59.802] [micropagosmessagegateway] [main] [trace] [] mask was updated
[2024-06-20 11:10:00.021] [micropagosmessagegateway] [main] [trace] [] users backup was updated
[2024-06-20 11:11:59.823] [micropagosmessagegateway] [main] [trace] [] mask was updated
[2024-06-20 11:12:00.064] [micropagosmessagegateway] [main] [trace] [] users backup was updated
[2024-06-20 11:13:59.846] [micropagosmessagegateway] [main] [trace] [] mask was updated
[2024-06-20 11:14:00.070] [micropagosmessagegateway] [main] [trace] [] users backup was updated
[2024-06-20 11:15:59.773] [micropagosmessagegateway] [main] [trace] [] mask was updated
[2024-06-20 11:16:00.000] [micropagosmessagegateway] [main] [trace] [] users backup was updated
[2024-06-20 11:17:59.776] [micropagosmessagegateway] [main] [trace] [] mask was updated
[2024-06-20 11:18:00.018] [micropagosmessagegateway] [main] [trace] [] users backup was updated
[2024-06-20 11:19:59.854] [micropagosmessagegateway] [main] [trace] [] mask was updated
[2024-06-20 11:20:00.084] [micropagosmessagegateway] [main] [trace] [] users backup was updated
[2024-06-20 11:21:59.773] [micropagosmessagegateway] [main] [trace] [] mask was updated
[2024-06-20 11:22:00.002] [micropagosmessagegateway] [main] [trace] [] users backup was updated
[2024-06-20 11:23:59.802] [micropagosmessagegateway] [main] [trace] [] mask was updated
[2024-06-20 11:24:00.071] [micropagosmessagegateway] [main] [trace] [] users backup was updated
[2024-06-20 11:25:59.928] [micropagosmessagegateway] [main] [trace] [] mask was updated
[2024-06-20 11:26:00.190] [micropagosmessagegateway] [main] [trace] [] users backup was updated
[2024-06-20 11:27:59.895] [micropagosmessagegateway] [main] [trace] [] mask was updated
[2024-06-20 11:28:00.147] [micropagosmessagegateway] [main] [trace] [] users backup was updated
[2024-06-20 11:29:59.860] [micropagosmessagegateway] [main] [trace] [] mask was updated
[2024-06-20 11:30:00.163] [micropagosmessagegateway] [main] [trace] [] users backup was updated
[2024-06-20 11:31:59.807] [micropagosmessagegateway] [main] [trace] [] mask was updated
[2024-06-20 11:32:00.031] [micropagosmessagegateway] [main] [trace] [] users backup was updated
[2024-06-20 11:34:00.032] [micropagosmessagegateway] [main] [trace] [] mask was updated
[2024-06-20 11:34:00.562] [micropagosmessagegateway] [main] [trace] [] users backup was updated
[2024-06-20 11:35:58.055] [micropagosmessagegateway] [middleware] [info] [ea8118dd2f4b] New petition received
[2024-06-20 11:35:58.055] [micropagosmessagegateway] [middleware] [trace] [ea8118dd2f4b] url: /, method: POST
[2024-06-20 11:35:58.055] [micropagosmessagegateway] [middleware] [trace] [ea8118dd2f4b] starting to validate the ahutentication
[2024-06-20 11:35:58.056] [micropagosmessagegateway] [handler] [info] [ea8118dd2f4b] starting to get the userdata for the user eaguerre
[2024-06-20 11:35:58.056] [micropagosmessagegateway] [middleware] [trace] [ea8118dd2f4b] formatted password: xTArnkceZoAkU0wCJu1v0adMhhk=
[2024-06-20 11:35:58.056] [micropagosmessagegateway] [middleware] [info] [ea8118dd2f4b] the user:eaguerre is already authenticated
[2024-06-20 11:35:58.056] [micropagosmessagegateway] [handler] [error] [ea8118dd2f4b] Route  not found: url: /, method: POST
[2024-06-20 11:35:58.056] [micropagosmessagegateway] [client] [trace] [ea8118dd2f4b] starting to prepare the URL and the body of the petition
[2024-06-20 11:35:58.057] [micropagosmessagegateway] [middleware] [info] [ea8118dd2f4b] Request took 1.8018ms
[2024-06-20 11:35:58.330] [micropagosmessagegateway] [middleware] [info] [ea8118dd2f4b] the last login of the user: eaguerre was updated the new value is: 2024-06-20 11:35:58
[2024-06-20 11:35:59.764] [micropagosmessagegateway] [main] [trace] [] mask was updated
[2024-06-20 11:36:00.014] [micropagosmessagegateway] [main] [trace] [] users backup was updated
[2024-06-20 11:36:24.365] [micropagosmessagegateway] [middleware] [info] [9d353ccdb836] New petition received
[2024-06-20 11:36:24.366] [micropagosmessagegateway] [middleware] [trace] [9d353ccdb836] url: /, method: POST
[2024-06-20 11:36:24.366] [micropagosmessagegateway] [middleware] [trace] [9d353ccdb836] starting to validate the ahutentication
[2024-06-20 11:36:24.367] [micropagosmessagegateway] [middleware] [error] [9d353ccdb836] missing authorization header
[2024-06-20 11:36:24.367] [micropagosmessagegateway] [middleware] [error] [9d353ccdb836] missing authorization header
[2024-06-20 11:36:24.368] [micropagosmessagegateway] [middleware] [info] [9d353ccdb836] Request took 1.1464ms
[2024-06-20 11:37:59.820] [micropagosmessagegateway] [main] [trace] [] mask was updated
[2024-06-20 11:38:00.343] [micropagosmessagegateway] [main] [trace] [] users backup was updated
[2024-06-20 11:41:09.842] [micropagosmessagegateway] [main] [trace] [] mask was updated
[2024-06-20 11:41:10.093] [micropagosmessagegateway] [main] [trace] [] users backup was updated
[2024-06-20 11:41:15.605] [micropagosmessagegateway] [middleware] [info] [caaed44b736b] New petition received
[2024-06-20 11:41:15.605] [micropagosmessagegateway] [middleware] [trace] [caaed44b736b] url: /, method: POST
[2024-06-20 11:41:15.606] [micropagosmessagegateway] [middleware] [trace] [caaed44b736b] starting to validate the ahutentication
[2024-06-20 11:41:15.606] [micropagosmessagegateway] [middleware] [trace] [caaed44b736b] Header: User-Agent = Apache-HttpClient/4.5.5 (Java/16.0.1)
[2024-06-20 11:41:15.606] [micropagosmessagegateway] [middleware] [trace] [caaed44b736b] Header: Connection = close
[2024-06-20 11:41:15.606] [micropagosmessagegateway] [middleware] [trace] [caaed44b736b] Header: Accept-Encoding = gzip,deflate
[2024-06-20 11:41:15.607] [micropagosmessagegateway] [middleware] [trace] [caaed44b736b] Header: Content-Type = text/xml;charset=UTF-8
[2024-06-20 11:41:15.607] [micropagosmessagegateway] [middleware] [trace] [caaed44b736b] Header: Soapaction = ""
[2024-06-20 11:41:15.607] [micropagosmessagegateway] [middleware] [trace] [caaed44b736b] Header: Content-Length = 757
[2024-06-20 11:41:15.608] [micropagosmessagegateway] [middleware] [error] [caaed44b736b] missing authorization header
[2024-06-20 11:41:15.608] [micropagosmessagegateway] [middleware] [error] [caaed44b736b] missing authorization header
[2024-06-20 11:41:15.608] [micropagosmessagegateway] [middleware] [info] [caaed44b736b] Request took 2.2974ms
[2024-06-20 11:41:43.241] [micropagosmessagegateway] [middleware] [info] [d99a3720470f] New petition received
[2024-06-20 11:41:43.242] [micropagosmessagegateway] [middleware] [trace] [d99a3720470f] url: /, method: POST
[2024-06-20 11:41:43.242] [micropagosmessagegateway] [middleware] [trace] [d99a3720470f] starting to validate the ahutentication
[2024-06-20 11:41:43.242] [micropagosmessagegateway] [middleware] [trace] [d99a3720470f] Header: Authorization = Basic ZWFndWVycmU6TXAzMzAz
[2024-06-20 11:41:43.242] [micropagosmessagegateway] [middleware] [trace] [d99a3720470f] Header: Content-Length = 757
[2024-06-20 11:41:43.243] [micropagosmessagegateway] [middleware] [trace] [d99a3720470f] Header: User-Agent = Apache-HttpClient/4.5.5 (Java/16.0.1)
[2024-06-20 11:41:43.250] [micropagosmessagegateway] [middleware] [trace] [d99a3720470f] Header: Connection = close
[2024-06-20 11:41:43.250] [micropagosmessagegateway] [middleware] [trace] [d99a3720470f] Header: Accept-Encoding = gzip,deflate
[2024-06-20 11:41:43.251] [micropagosmessagegateway] [middleware] [trace] [d99a3720470f] Header: Content-Type = text/xml;charset=UTF-8
[2024-06-20 11:41:43.251] [micropagosmessagegateway] [middleware] [trace] [d99a3720470f] Header: Soapaction = ""
[2024-06-20 11:41:43.251] [micropagosmessagegateway] [handler] [info] [d99a3720470f] starting to get the userdata for the user eaguerre
[2024-06-20 11:41:43.252] [micropagosmessagegateway] [middleware] [trace] [d99a3720470f] formatted password: xTArnkceZoAkU0wCJu1v0adMhhk=
[2024-06-20 11:41:43.252] [micropagosmessagegateway] [middleware] [info] [d99a3720470f] the user:eaguerre is already authenticated
[2024-06-20 11:41:43.252] [micropagosmessagegateway] [handler] [error] [d99a3720470f] Route  not found: url: /, method: POST
[2024-06-20 11:41:43.253] [micropagosmessagegateway] [middleware] [info] [d99a3720470f] Request took 11.0139ms
[2024-06-20 11:41:43.253] [micropagosmessagegateway] [client] [trace] [d99a3720470f] starting to prepare the URL and the body of the petition
[2024-06-20 11:41:43.610] [micropagosmessagegateway] [middleware] [info] [d99a3720470f] the last login of the user: eaguerre was updated the new value is: 2024-06-20 11:41:43
[2024-06-20 11:43:09.658] [micropagosmessagegateway] [main] [trace] [] mask was updated
[2024-06-20 11:43:09.890] [micropagosmessagegateway] [main] [trace] [] users backup was updated
[2024-06-20 11:45:09.749] [micropagosmessagegateway] [main] [trace] [] mask was updated
[2024-06-20 11:45:09.992] [micropagosmessagegateway] [main] [trace] [] users backup was updated
[2024-06-20 11:47:09.625] [micropagosmessagegateway] [main] [trace] [] mask was updated
[2024-06-20 11:47:09.863] [micropagosmessagegateway] [main] [trace] [] users backup was updated
[2024-06-20 11:49:09.678] [micropagosmessagegateway] [main] [trace] [] mask was updated
[2024-06-20 11:49:09.967] [micropagosmessagegateway] [main] [trace] [] users backup was updated
[2024-06-20 11:51:09.659] [micropagosmessagegateway] [main] [trace] [] mask was updated
[2024-06-20 11:51:09.891] [micropagosmessagegateway] [main] [trace] [] users backup was updated
[2024-06-20 11:53:09.643] [micropagosmessagegateway] [main] [trace] [] mask was updated
[2024-06-20 11:53:09.876] [micropagosmessagegateway] [main] [trace] [] users backup was updated
[2024-06-20 11:55:09.622] [micropagosmessagegateway] [main] [trace] [] mask was updated
[2024-06-20 11:55:09.846] [micropagosmessagegateway] [main] [trace] [] users backup was updated
[2024-06-20 11:57:09.700] [micropagosmessagegateway] [main] [trace] [] mask was updated
[2024-06-20 11:57:09.941] [micropagosmessagegateway] [main] [trace] [] users backup was updated
[2024-06-20 11:59:09.658] [micropagosmessagegateway] [main] [trace] [] mask was updated
[2024-06-20 11:59:09.898] [micropagosmessagegateway] [main] [trace] [] users backup was updated
